

Started GET "/topics/1/posts" for ::1 at 2015-07-06 23:57:42 -0500

ActionController::RoutingError (No route matches [GET] "/topics/1/posts"):
  actionpack (4.2.1) lib/action_dispatch/middleware/debug_exceptions.rb:21:in `call'
  web-console (2.1.3) lib/web_console/middleware.rb:37:in `call'
  actionpack (4.2.1) lib/action_dispatch/middleware/show_exceptions.rb:30:in `call'
  railties (4.2.1) lib/rails/rack/logger.rb:38:in `call_app'
  railties (4.2.1) lib/rails/rack/logger.rb:20:in `block in call'
  activesupport (4.2.1) lib/active_support/tagged_logging.rb:68:in `block in tagged'
  activesupport (4.2.1) lib/active_support/tagged_logging.rb:26:in `tagged'
  activesupport (4.2.1) lib/active_support/tagged_logging.rb:68:in `tagged'
  railties (4.2.1) lib/rails/rack/logger.rb:20:in `call'
  actionpack (4.2.1) lib/action_dispatch/middleware/request_id.rb:21:in `call'
  rack (1.6.4) lib/rack/methodoverride.rb:22:in `call'
  rack (1.6.4) lib/rack/runtime.rb:18:in `call'
  activesupport (4.2.1) lib/active_support/cache/strategy/local_cache_middleware.rb:28:in `call'
  rack (1.6.4) lib/rack/lock.rb:17:in `call'
  actionpack (4.2.1) lib/action_dispatch/middleware/static.rb:113:in `call'
  rack (1.6.4) lib/rack/sendfile.rb:113:in `call'
  railties (4.2.1) lib/rails/engine.rb:518:in `call'
  railties (4.2.1) lib/rails/application.rb:164:in `call'
  rack (1.6.4) lib/rack/lock.rb:17:in `call'
  rack (1.6.4) lib/rack/content_length.rb:15:in `call'
  rack (1.6.4) lib/rack/handler/webrick.rb:88:in `service'
  /Users/Fong/.rvm/rubies/ruby-2.2.1/lib/ruby/2.2.0/webrick/httpserver.rb:138:in `service'
  /Users/Fong/.rvm/rubies/ruby-2.2.1/lib/ruby/2.2.0/webrick/httpserver.rb:94:in `run'
  /Users/Fong/.rvm/rubies/ruby-2.2.1/lib/ruby/2.2.0/webrick/server.rb:294:in `block in start_thread'


  Rendered /Users/Fong/.rvm/gems/ruby-2.2.1/gems/actionpack-4.2.1/lib/action_dispatch/middleware/templates/rescues/_trace.html.erb (1.5ms)
  Rendered /Users/Fong/.rvm/gems/ruby-2.2.1/gems/actionpack-4.2.1/lib/action_dispatch/middleware/templates/routes/_table.html.erb (8.2ms)
  Rendered /Users/Fong/.rvm/gems/ruby-2.2.1/gems/actionpack-4.2.1/lib/action_dispatch/middleware/templates/rescues/_request_and_response.html.erb (19.5ms)
  Rendered /Users/Fong/.rvm/gems/ruby-2.2.1/gems/actionpack-4.2.1/lib/action_dispatch/middleware/templates/rescues/routing_error.html.erb within rescues/layout (87.1ms)
  Rendered /Users/Fong/.rvm/gems/ruby-2.2.1/gems/web-console-2.1.3/lib/web_console/templates/_markup.html.erb (1.2ms)
  Rendered /Users/Fong/.rvm/gems/ruby-2.2.1/gems/web-console-2.1.3/lib/web_console/templates/style.css.erb within layouts/inlined_string (0.5ms)
  Rendered /Users/Fong/.rvm/gems/ruby-2.2.1/gems/web-console-2.1.3/lib/web_console/templates/_inner_console_markup.html.erb within layouts/inlined_string (0.3ms)
  Rendered /Users/Fong/.rvm/gems/ruby-2.2.1/gems/web-console-2.1.3/lib/web_console/templates/_prompt_box_markup.html.erb within layouts/inlined_string (0.4ms)
  Rendered /Users/Fong/.rvm/gems/ruby-2.2.1/gems/web-console-2.1.3/lib/web_console/templates/console.js.erb within layouts/javascript (90.0ms)
  Rendered /Users/Fong/.rvm/gems/ruby-2.2.1/gems/web-console-2.1.3/lib/web_console/templates/main.js.erb within layouts/javascript (0.4ms)
  Rendered /Users/Fong/.rvm/gems/ruby-2.2.1/gems/web-console-2.1.3/lib/web_console/templates/error_page.js.erb within layouts/javascript (0.4ms)
  Rendered /Users/Fong/.rvm/gems/ruby-2.2.1/gems/web-console-2.1.3/lib/web_console/templates/index.html.erb (192.4ms)


Started GET "/topics/1/posts/22" for ::1 at 2015-07-06 23:57:42 -0500

ActionController::RoutingError (No route matches [GET] "/topics/1/posts/22"):
  actionpack (4.2.1) lib/action_dispatch/middleware/debug_exceptions.rb:21:in `call'
  web-console (2.1.3) lib/web_console/middleware.rb:37:in `call'
  actionpack (4.2.1) lib/action_dispatch/middleware/show_exceptions.rb:30:in `call'
  railties (4.2.1) lib/rails/rack/logger.rb:38:in `call_app'
  railties (4.2.1) lib/rails/rack/logger.rb:20:in `block in call'
  activesupport (4.2.1) lib/active_support/tagged_logging.rb:68:in `block in tagged'
  activesupport (4.2.1) lib/active_support/tagged_logging.rb:26:in `tagged'
  activesupport (4.2.1) lib/active_support/tagged_logging.rb:68:in `tagged'
  railties (4.2.1) lib/rails/rack/logger.rb:20:in `call'
  actionpack (4.2.1) lib/action_dispatch/middleware/request_id.rb:21:in `call'
  rack (1.6.4) lib/rack/methodoverride.rb:22:in `call'
  rack (1.6.4) lib/rack/runtime.rb:18:in `call'
  activesupport (4.2.1) lib/active_support/cache/strategy/local_cache_middleware.rb:28:in `call'
  rack (1.6.4) lib/rack/lock.rb:17:in `call'
  actionpack (4.2.1) lib/action_dispatch/middleware/static.rb:113:in `call'
  rack (1.6.4) lib/rack/sendfile.rb:113:in `call'
  railties (4.2.1) lib/rails/engine.rb:518:in `call'
  railties (4.2.1) lib/rails/application.rb:164:in `call'
  rack (1.6.4) lib/rack/lock.rb:17:in `call'
  rack (1.6.4) lib/rack/content_length.rb:15:in `call'
  rack (1.6.4) lib/rack/handler/webrick.rb:88:in `service'
  /Users/Fong/.rvm/rubies/ruby-2.2.1/lib/ruby/2.2.0/webrick/httpserver.rb:138:in `service'
  /Users/Fong/.rvm/rubies/ruby-2.2.1/lib/ruby/2.2.0/webrick/httpserver.rb:94:in `run'
  /Users/Fong/.rvm/rubies/ruby-2.2.1/lib/ruby/2.2.0/webrick/server.rb:294:in `block in start_thread'


  Rendered /Users/Fong/.rvm/gems/ruby-2.2.1/gems/actionpack-4.2.1/lib/action_dispatch/middleware/templates/rescues/_trace.html.erb (2.2ms)
  Rendered /Users/Fong/.rvm/gems/ruby-2.2.1/gems/actionpack-4.2.1/lib/action_dispatch/middleware/templates/routes/_table.html.erb (1.7ms)
  Rendered /Users/Fong/.rvm/gems/ruby-2.2.1/gems/actionpack-4.2.1/lib/action_dispatch/middleware/templates/rescues/_request_and_response.html.erb (1.7ms)
  Rendered /Users/Fong/.rvm/gems/ruby-2.2.1/gems/actionpack-4.2.1/lib/action_dispatch/middleware/templates/rescues/routing_error.html.erb within rescues/layout (100.9ms)
  Rendered /Users/Fong/.rvm/gems/ruby-2.2.1/gems/web-console-2.1.3/lib/web_console/templates/_markup.html.erb (0.4ms)
  Rendered /Users/Fong/.rvm/gems/ruby-2.2.1/gems/web-console-2.1.3/lib/web_console/templates/style.css.erb within layouts/inlined_string (0.4ms)
  Rendered /Users/Fong/.rvm/gems/ruby-2.2.1/gems/web-console-2.1.3/lib/web_console/templates/_inner_console_markup.html.erb within layouts/inlined_string (0.3ms)
  Rendered /Users/Fong/.rvm/gems/ruby-2.2.1/gems/web-console-2.1.3/lib/web_console/templates/_prompt_box_markup.html.erb within layouts/inlined_string (0.3ms)
  Rendered /Users/Fong/.rvm/gems/ruby-2.2.1/gems/web-console-2.1.3/lib/web_console/templates/console.js.erb within layouts/javascript (50.5ms)
  Rendered /Users/Fong/.rvm/gems/ruby-2.2.1/gems/web-console-2.1.3/lib/web_console/templates/main.js.erb within layouts/javascript (0.3ms)
  Rendered /Users/Fong/.rvm/gems/ruby-2.2.1/gems/web-console-2.1.3/lib/web_console/templates/error_page.js.erb within layouts/javascript (0.5ms)
  Rendered /Users/Fong/.rvm/gems/ruby-2.2.1/gems/web-console-2.1.3/lib/web_console/templates/index.html.erb (120.3ms)


Started GET "/topics/1" for ::1 at 2015-07-06 23:57:43 -0500

ActionController::RoutingError (No route matches [GET] "/topics/1"):
  actionpack (4.2.1) lib/action_dispatch/middleware/debug_exceptions.rb:21:in `call'
  web-console (2.1.3) lib/web_console/middleware.rb:37:in `call'
  actionpack (4.2.1) lib/action_dispatch/middleware/show_exceptions.rb:30:in `call'
  railties (4.2.1) lib/rails/rack/logger.rb:38:in `call_app'
  railties (4.2.1) lib/rails/rack/logger.rb:20:in `block in call'
  activesupport (4.2.1) lib/active_support/tagged_logging.rb:68:in `block in tagged'
  activesupport (4.2.1) lib/active_support/tagged_logging.rb:26:in `tagged'
  activesupport (4.2.1) lib/active_support/tagged_logging.rb:68:in `tagged'
  railties (4.2.1) lib/rails/rack/logger.rb:20:in `call'
  actionpack (4.2.1) lib/action_dispatch/middleware/request_id.rb:21:in `call'
  rack (1.6.4) lib/rack/methodoverride.rb:22:in `call'
  rack (1.6.4) lib/rack/runtime.rb:18:in `call'
  activesupport (4.2.1) lib/active_support/cache/strategy/local_cache_middleware.rb:28:in `call'
  rack (1.6.4) lib/rack/lock.rb:17:in `call'
  actionpack (4.2.1) lib/action_dispatch/middleware/static.rb:113:in `call'
  rack (1.6.4) lib/rack/sendfile.rb:113:in `call'
  railties (4.2.1) lib/rails/engine.rb:518:in `call'
  railties (4.2.1) lib/rails/application.rb:164:in `call'
  rack (1.6.4) lib/rack/lock.rb:17:in `call'
  rack (1.6.4) lib/rack/content_length.rb:15:in `call'
  rack (1.6.4) lib/rack/handler/webrick.rb:88:in `service'
  /Users/Fong/.rvm/rubies/ruby-2.2.1/lib/ruby/2.2.0/webrick/httpserver.rb:138:in `service'
  /Users/Fong/.rvm/rubies/ruby-2.2.1/lib/ruby/2.2.0/webrick/httpserver.rb:94:in `run'
  /Users/Fong/.rvm/rubies/ruby-2.2.1/lib/ruby/2.2.0/webrick/server.rb:294:in `block in start_thread'


  Rendered /Users/Fong/.rvm/gems/ruby-2.2.1/gems/actionpack-4.2.1/lib/action_dispatch/middleware/templates/rescues/_trace.html.erb (1.3ms)
  Rendered /Users/Fong/.rvm/gems/ruby-2.2.1/gems/actionpack-4.2.1/lib/action_dispatch/middleware/templates/routes/_table.html.erb (1.2ms)
  Rendered /Users/Fong/.rvm/gems/ruby-2.2.1/gems/actionpack-4.2.1/lib/action_dispatch/middleware/templates/rescues/_request_and_response.html.erb (1.6ms)
  Rendered /Users/Fong/.rvm/gems/ruby-2.2.1/gems/actionpack-4.2.1/lib/action_dispatch/middleware/templates/rescues/routing_error.html.erb within rescues/layout (47.0ms)
  Rendered /Users/Fong/.rvm/gems/ruby-2.2.1/gems/web-console-2.1.3/lib/web_console/templates/_markup.html.erb (0.5ms)
  Rendered /Users/Fong/.rvm/gems/ruby-2.2.1/gems/web-console-2.1.3/lib/web_console/templates/style.css.erb within layouts/inlined_string (0.3ms)
  Rendered /Users/Fong/.rvm/gems/ruby-2.2.1/gems/web-console-2.1.3/lib/web_console/templates/_inner_console_markup.html.erb within layouts/inlined_string (0.4ms)
  Rendered /Users/Fong/.rvm/gems/ruby-2.2.1/gems/web-console-2.1.3/lib/web_console/templates/_prompt_box_markup.html.erb within layouts/inlined_string (0.3ms)
  Rendered /Users/Fong/.rvm/gems/ruby-2.2.1/gems/web-console-2.1.3/lib/web_console/templates/console.js.erb within layouts/javascript (40.8ms)
  Rendered /Users/Fong/.rvm/gems/ruby-2.2.1/gems/web-console-2.1.3/lib/web_console/templates/main.js.erb within layouts/javascript (0.2ms)
  Rendered /Users/Fong/.rvm/gems/ruby-2.2.1/gems/web-console-2.1.3/lib/web_console/templates/error_page.js.erb within layouts/javascript (0.6ms)
  Rendered /Users/Fong/.rvm/gems/ruby-2.2.1/gems/web-console-2.1.3/lib/web_console/templates/index.html.erb (95.9ms)


Started GET "/topics" for ::1 at 2015-07-06 23:57:43 -0500

ActionController::RoutingError (No route matches [GET] "/topics"):
  actionpack (4.2.1) lib/action_dispatch/middleware/debug_exceptions.rb:21:in `call'
  web-console (2.1.3) lib/web_console/middleware.rb:37:in `call'
  actionpack (4.2.1) lib/action_dispatch/middleware/show_exceptions.rb:30:in `call'
  railties (4.2.1) lib/rails/rack/logger.rb:38:in `call_app'
  railties (4.2.1) lib/rails/rack/logger.rb:20:in `block in call'
  activesupport (4.2.1) lib/active_support/tagged_logging.rb:68:in `block in tagged'
  activesupport (4.2.1) lib/active_support/tagged_logging.rb:26:in `tagged'
  activesupport (4.2.1) lib/active_support/tagged_logging.rb:68:in `tagged'
  railties (4.2.1) lib/rails/rack/logger.rb:20:in `call'
  actionpack (4.2.1) lib/action_dispatch/middleware/request_id.rb:21:in `call'
  rack (1.6.4) lib/rack/methodoverride.rb:22:in `call'
  rack (1.6.4) lib/rack/runtime.rb:18:in `call'
  activesupport (4.2.1) lib/active_support/cache/strategy/local_cache_middleware.rb:28:in `call'
  rack (1.6.4) lib/rack/lock.rb:17:in `call'
  actionpack (4.2.1) lib/action_dispatch/middleware/static.rb:113:in `call'
  rack (1.6.4) lib/rack/sendfile.rb:113:in `call'
  railties (4.2.1) lib/rails/engine.rb:518:in `call'
  railties (4.2.1) lib/rails/application.rb:164:in `call'
  rack (1.6.4) lib/rack/lock.rb:17:in `call'
  rack (1.6.4) lib/rack/content_length.rb:15:in `call'
  rack (1.6.4) lib/rack/handler/webrick.rb:88:in `service'
  /Users/Fong/.rvm/rubies/ruby-2.2.1/lib/ruby/2.2.0/webrick/httpserver.rb:138:in `service'
  /Users/Fong/.rvm/rubies/ruby-2.2.1/lib/ruby/2.2.0/webrick/httpserver.rb:94:in `run'
  /Users/Fong/.rvm/rubies/ruby-2.2.1/lib/ruby/2.2.0/webrick/server.rb:294:in `block in start_thread'


  Rendered /Users/Fong/.rvm/gems/ruby-2.2.1/gems/actionpack-4.2.1/lib/action_dispatch/middleware/templates/rescues/_trace.html.erb (2.7ms)
  Rendered /Users/Fong/.rvm/gems/ruby-2.2.1/gems/actionpack-4.2.1/lib/action_dispatch/middleware/templates/routes/_table.html.erb (1.1ms)
  Rendered /Users/Fong/.rvm/gems/ruby-2.2.1/gems/actionpack-4.2.1/lib/action_dispatch/middleware/templates/rescues/_request_and_response.html.erb (1.4ms)
  Rendered /Users/Fong/.rvm/gems/ruby-2.2.1/gems/actionpack-4.2.1/lib/action_dispatch/middleware/templates/rescues/routing_error.html.erb within rescues/layout (50.2ms)
  Rendered /Users/Fong/.rvm/gems/ruby-2.2.1/gems/web-console-2.1.3/lib/web_console/templates/_markup.html.erb (0.3ms)
  Rendered /Users/Fong/.rvm/gems/ruby-2.2.1/gems/web-console-2.1.3/lib/web_console/templates/style.css.erb within layouts/inlined_string (0.3ms)
  Rendered /Users/Fong/.rvm/gems/ruby-2.2.1/gems/web-console-2.1.3/lib/web_console/templates/_inner_console_markup.html.erb within layouts/inlined_string (0.3ms)
  Rendered /Users/Fong/.rvm/gems/ruby-2.2.1/gems/web-console-2.1.3/lib/web_console/templates/_prompt_box_markup.html.erb within layouts/inlined_string (0.4ms)
  Rendered /Users/Fong/.rvm/gems/ruby-2.2.1/gems/web-console-2.1.3/lib/web_console/templates/console.js.erb within layouts/javascript (40.7ms)
  Rendered /Users/Fong/.rvm/gems/ruby-2.2.1/gems/web-console-2.1.3/lib/web_console/templates/main.js.erb within layouts/javascript (0.3ms)
  Rendered /Users/Fong/.rvm/gems/ruby-2.2.1/gems/web-console-2.1.3/lib/web_console/templates/error_page.js.erb within layouts/javascript (0.5ms)
  Rendered /Users/Fong/.rvm/gems/ruby-2.2.1/gems/web-console-2.1.3/lib/web_console/templates/index.html.erb (98.4ms)


Started GET "/" for ::1 at 2015-07-06 23:57:43 -0500
Processing by Rails::WelcomeController#index as HTML
  Rendered /Users/Fong/.rvm/gems/ruby-2.2.1/gems/railties-4.2.1/lib/rails/templates/rails/welcome/index.html.erb (0.8ms)
Completed 200 OK in 4ms (Views: 3.4ms | ActiveRecord: 0.0ms)


Started GET "/" for ::1 at 2015-07-07 00:10:10 -0500
Processing by Rails::WelcomeController#index as HTML
  Rendered /Users/Fong/.rvm/gems/ruby-2.2.1/gems/railties-4.2.1/lib/rails/templates/rails/welcome/index.html.erb (7.0ms)
Completed 200 OK in 27ms (Views: 17.6ms | ActiveRecord: 0.0ms)


Started GET "/" for ::1 at 2015-07-07 00:10:15 -0500
Processing by Rails::WelcomeController#index as HTML
  Rendered /Users/Fong/.rvm/gems/ruby-2.2.1/gems/railties-4.2.1/lib/rails/templates/rails/welcome/index.html.erb (0.0ms)
Completed 200 OK in 2ms (Views: 1.8ms | ActiveRecord: 0.0ms)


Started GET "/welcome/about" for ::1 at 2015-07-07 00:10:15 -0500

ActionController::RoutingError (No route matches [GET] "/welcome/about"):
  actionpack (4.2.1) lib/action_dispatch/middleware/debug_exceptions.rb:21:in `call'
  web-console (2.1.3) lib/web_console/middleware.rb:37:in `call'
  actionpack (4.2.1) lib/action_dispatch/middleware/show_exceptions.rb:30:in `call'
  railties (4.2.1) lib/rails/rack/logger.rb:38:in `call_app'
  railties (4.2.1) lib/rails/rack/logger.rb:20:in `block in call'
  activesupport (4.2.1) lib/active_support/tagged_logging.rb:68:in `block in tagged'
  activesupport (4.2.1) lib/active_support/tagged_logging.rb:26:in `tagged'
  activesupport (4.2.1) lib/active_support/tagged_logging.rb:68:in `tagged'
  railties (4.2.1) lib/rails/rack/logger.rb:20:in `call'
  actionpack (4.2.1) lib/action_dispatch/middleware/request_id.rb:21:in `call'
  rack (1.6.4) lib/rack/methodoverride.rb:22:in `call'
  rack (1.6.4) lib/rack/runtime.rb:18:in `call'
  activesupport (4.2.1) lib/active_support/cache/strategy/local_cache_middleware.rb:28:in `call'
  rack (1.6.4) lib/rack/lock.rb:17:in `call'
  actionpack (4.2.1) lib/action_dispatch/middleware/static.rb:113:in `call'
  rack (1.6.4) lib/rack/sendfile.rb:113:in `call'
  railties (4.2.1) lib/rails/engine.rb:518:in `call'
  railties (4.2.1) lib/rails/application.rb:164:in `call'
  rack (1.6.4) lib/rack/lock.rb:17:in `call'
  rack (1.6.4) lib/rack/content_length.rb:15:in `call'
  rack (1.6.4) lib/rack/handler/webrick.rb:88:in `service'
  /Users/Fong/.rvm/rubies/ruby-2.2.1/lib/ruby/2.2.0/webrick/httpserver.rb:138:in `service'
  /Users/Fong/.rvm/rubies/ruby-2.2.1/lib/ruby/2.2.0/webrick/httpserver.rb:94:in `run'
  /Users/Fong/.rvm/rubies/ruby-2.2.1/lib/ruby/2.2.0/webrick/server.rb:294:in `block in start_thread'


  Rendered /Users/Fong/.rvm/gems/ruby-2.2.1/gems/actionpack-4.2.1/lib/action_dispatch/middleware/templates/rescues/_trace.html.erb (1.4ms)
  Rendered /Users/Fong/.rvm/gems/ruby-2.2.1/gems/actionpack-4.2.1/lib/action_dispatch/middleware/templates/routes/_route.html.erb (0.7ms)
  Rendered /Users/Fong/.rvm/gems/ruby-2.2.1/gems/actionpack-4.2.1/lib/action_dispatch/middleware/templates/routes/_table.html.erb (14.1ms)
  Rendered /Users/Fong/.rvm/gems/ruby-2.2.1/gems/actionpack-4.2.1/lib/action_dispatch/middleware/templates/rescues/_request_and_response.html.erb (1.2ms)
  Rendered /Users/Fong/.rvm/gems/ruby-2.2.1/gems/actionpack-4.2.1/lib/action_dispatch/middleware/templates/rescues/routing_error.html.erb within rescues/layout (87.2ms)
  Rendered /Users/Fong/.rvm/gems/ruby-2.2.1/gems/web-console-2.1.3/lib/web_console/templates/_markup.html.erb (0.4ms)
  Rendered /Users/Fong/.rvm/gems/ruby-2.2.1/gems/web-console-2.1.3/lib/web_console/templates/style.css.erb within layouts/inlined_string (0.4ms)
  Rendered /Users/Fong/.rvm/gems/ruby-2.2.1/gems/web-console-2.1.3/lib/web_console/templates/_inner_console_markup.html.erb within layouts/inlined_string (0.3ms)
  Rendered /Users/Fong/.rvm/gems/ruby-2.2.1/gems/web-console-2.1.3/lib/web_console/templates/_prompt_box_markup.html.erb within layouts/inlined_string (0.3ms)
  Rendered /Users/Fong/.rvm/gems/ruby-2.2.1/gems/web-console-2.1.3/lib/web_console/templates/console.js.erb within layouts/javascript (50.5ms)
  Rendered /Users/Fong/.rvm/gems/ruby-2.2.1/gems/web-console-2.1.3/lib/web_console/templates/main.js.erb within layouts/javascript (0.3ms)
  Rendered /Users/Fong/.rvm/gems/ruby-2.2.1/gems/web-console-2.1.3/lib/web_console/templates/error_page.js.erb within layouts/javascript (0.5ms)
  Rendered /Users/Fong/.rvm/gems/ruby-2.2.1/gems/web-console-2.1.3/lib/web_console/templates/index.html.erb (107.9ms)


Started GET "/welcome/about" for ::1 at 2015-07-07 00:10:16 -0500

ActionController::RoutingError (No route matches [GET] "/welcome/about"):
  actionpack (4.2.1) lib/action_dispatch/middleware/debug_exceptions.rb:21:in `call'
  web-console (2.1.3) lib/web_console/middleware.rb:37:in `call'
  actionpack (4.2.1) lib/action_dispatch/middleware/show_exceptions.rb:30:in `call'
  railties (4.2.1) lib/rails/rack/logger.rb:38:in `call_app'
  railties (4.2.1) lib/rails/rack/logger.rb:20:in `block in call'
  activesupport (4.2.1) lib/active_support/tagged_logging.rb:68:in `block in tagged'
  activesupport (4.2.1) lib/active_support/tagged_logging.rb:26:in `tagged'
  activesupport (4.2.1) lib/active_support/tagged_logging.rb:68:in `tagged'
  railties (4.2.1) lib/rails/rack/logger.rb:20:in `call'
  actionpack (4.2.1) lib/action_dispatch/middleware/request_id.rb:21:in `call'
  rack (1.6.4) lib/rack/methodoverride.rb:22:in `call'
  rack (1.6.4) lib/rack/runtime.rb:18:in `call'
  activesupport (4.2.1) lib/active_support/cache/strategy/local_cache_middleware.rb:28:in `call'
  rack (1.6.4) lib/rack/lock.rb:17:in `call'
  actionpack (4.2.1) lib/action_dispatch/middleware/static.rb:113:in `call'
  rack (1.6.4) lib/rack/sendfile.rb:113:in `call'
  railties (4.2.1) lib/rails/engine.rb:518:in `call'
  railties (4.2.1) lib/rails/application.rb:164:in `call'
  rack (1.6.4) lib/rack/lock.rb:17:in `call'
  rack (1.6.4) lib/rack/content_length.rb:15:in `call'
  rack (1.6.4) lib/rack/handler/webrick.rb:88:in `service'
  /Users/Fong/.rvm/rubies/ruby-2.2.1/lib/ruby/2.2.0/webrick/httpserver.rb:138:in `service'
  /Users/Fong/.rvm/rubies/ruby-2.2.1/lib/ruby/2.2.0/webrick/httpserver.rb:94:in `run'
  /Users/Fong/.rvm/rubies/ruby-2.2.1/lib/ruby/2.2.0/webrick/server.rb:294:in `block in start_thread'


  Rendered /Users/Fong/.rvm/gems/ruby-2.2.1/gems/actionpack-4.2.1/lib/action_dispatch/middleware/templates/rescues/_trace.html.erb (4.1ms)
  Rendered /Users/Fong/.rvm/gems/ruby-2.2.1/gems/actionpack-4.2.1/lib/action_dispatch/middleware/templates/routes/_route.html.erb (0.7ms)
  Rendered /Users/Fong/.rvm/gems/ruby-2.2.1/gems/actionpack-4.2.1/lib/action_dispatch/middleware/templates/routes/_table.html.erb (2.7ms)
  Rendered /Users/Fong/.rvm/gems/ruby-2.2.1/gems/actionpack-4.2.1/lib/action_dispatch/middleware/templates/rescues/_request_and_response.html.erb (1.1ms)
  Rendered /Users/Fong/.rvm/gems/ruby-2.2.1/gems/actionpack-4.2.1/lib/action_dispatch/middleware/templates/rescues/routing_error.html.erb within rescues/layout (82.2ms)
  Rendered /Users/Fong/.rvm/gems/ruby-2.2.1/gems/web-console-2.1.3/lib/web_console/templates/_markup.html.erb (0.4ms)
  Rendered /Users/Fong/.rvm/gems/ruby-2.2.1/gems/web-console-2.1.3/lib/web_console/templates/style.css.erb within layouts/inlined_string (0.4ms)
  Rendered /Users/Fong/.rvm/gems/ruby-2.2.1/gems/web-console-2.1.3/lib/web_console/templates/_inner_console_markup.html.erb within layouts/inlined_string (0.4ms)
  Rendered /Users/Fong/.rvm/gems/ruby-2.2.1/gems/web-console-2.1.3/lib/web_console/templates/_prompt_box_markup.html.erb within layouts/inlined_string (0.3ms)
  Rendered /Users/Fong/.rvm/gems/ruby-2.2.1/gems/web-console-2.1.3/lib/web_console/templates/console.js.erb within layouts/javascript (43.4ms)
  Rendered /Users/Fong/.rvm/gems/ruby-2.2.1/gems/web-console-2.1.3/lib/web_console/templates/main.js.erb within layouts/javascript (0.3ms)
  Rendered /Users/Fong/.rvm/gems/ruby-2.2.1/gems/web-console-2.1.3/lib/web_console/templates/error_page.js.erb within layouts/javascript (0.4ms)
  Rendered /Users/Fong/.rvm/gems/ruby-2.2.1/gems/web-console-2.1.3/lib/web_console/templates/index.html.erb (94.7ms)


Started GET "/welcome/about" for ::1 at 2015-07-07 00:10:19 -0500

ActionController::RoutingError (No route matches [GET] "/welcome/about"):
  actionpack (4.2.1) lib/action_dispatch/middleware/debug_exceptions.rb:21:in `call'
  web-console (2.1.3) lib/web_console/middleware.rb:37:in `call'
  actionpack (4.2.1) lib/action_dispatch/middleware/show_exceptions.rb:30:in `call'
  railties (4.2.1) lib/rails/rack/logger.rb:38:in `call_app'
  railties (4.2.1) lib/rails/rack/logger.rb:20:in `block in call'
  activesupport (4.2.1) lib/active_support/tagged_logging.rb:68:in `block in tagged'
  activesupport (4.2.1) lib/active_support/tagged_logging.rb:26:in `tagged'
  activesupport (4.2.1) lib/active_support/tagged_logging.rb:68:in `tagged'
  railties (4.2.1) lib/rails/rack/logger.rb:20:in `call'
  actionpack (4.2.1) lib/action_dispatch/middleware/request_id.rb:21:in `call'
  rack (1.6.4) lib/rack/methodoverride.rb:22:in `call'
  rack (1.6.4) lib/rack/runtime.rb:18:in `call'
  activesupport (4.2.1) lib/active_support/cache/strategy/local_cache_middleware.rb:28:in `call'
  rack (1.6.4) lib/rack/lock.rb:17:in `call'
  actionpack (4.2.1) lib/action_dispatch/middleware/static.rb:113:in `call'
  rack (1.6.4) lib/rack/sendfile.rb:113:in `call'
  railties (4.2.1) lib/rails/engine.rb:518:in `call'
  railties (4.2.1) lib/rails/application.rb:164:in `call'
  rack (1.6.4) lib/rack/lock.rb:17:in `call'
  rack (1.6.4) lib/rack/content_length.rb:15:in `call'
  rack (1.6.4) lib/rack/handler/webrick.rb:88:in `service'
  /Users/Fong/.rvm/rubies/ruby-2.2.1/lib/ruby/2.2.0/webrick/httpserver.rb:138:in `service'
  /Users/Fong/.rvm/rubies/ruby-2.2.1/lib/ruby/2.2.0/webrick/httpserver.rb:94:in `run'
  /Users/Fong/.rvm/rubies/ruby-2.2.1/lib/ruby/2.2.0/webrick/server.rb:294:in `block in start_thread'


  Rendered /Users/Fong/.rvm/gems/ruby-2.2.1/gems/actionpack-4.2.1/lib/action_dispatch/middleware/templates/rescues/_trace.html.erb (1.5ms)
  Rendered /Users/Fong/.rvm/gems/ruby-2.2.1/gems/actionpack-4.2.1/lib/action_dispatch/middleware/templates/routes/_route.html.erb (0.7ms)
  Rendered /Users/Fong/.rvm/gems/ruby-2.2.1/gems/actionpack-4.2.1/lib/action_dispatch/middleware/templates/routes/_table.html.erb (1.2ms)
  Rendered /Users/Fong/.rvm/gems/ruby-2.2.1/gems/actionpack-4.2.1/lib/action_dispatch/middleware/templates/rescues/_request_and_response.html.erb (1.1ms)
  Rendered /Users/Fong/.rvm/gems/ruby-2.2.1/gems/actionpack-4.2.1/lib/action_dispatch/middleware/templates/rescues/routing_error.html.erb within rescues/layout (64.3ms)
  Rendered /Users/Fong/.rvm/gems/ruby-2.2.1/gems/web-console-2.1.3/lib/web_console/templates/_markup.html.erb (0.5ms)
  Rendered /Users/Fong/.rvm/gems/ruby-2.2.1/gems/web-console-2.1.3/lib/web_console/templates/style.css.erb within layouts/inlined_string (0.3ms)
  Rendered /Users/Fong/.rvm/gems/ruby-2.2.1/gems/web-console-2.1.3/lib/web_console/templates/_inner_console_markup.html.erb within layouts/inlined_string (0.3ms)
  Rendered /Users/Fong/.rvm/gems/ruby-2.2.1/gems/web-console-2.1.3/lib/web_console/templates/_prompt_box_markup.html.erb within layouts/inlined_string (5.3ms)
  Rendered /Users/Fong/.rvm/gems/ruby-2.2.1/gems/web-console-2.1.3/lib/web_console/templates/console.js.erb within layouts/javascript (48.5ms)
  Rendered /Users/Fong/.rvm/gems/ruby-2.2.1/gems/web-console-2.1.3/lib/web_console/templates/main.js.erb within layouts/javascript (0.4ms)
  Rendered /Users/Fong/.rvm/gems/ruby-2.2.1/gems/web-console-2.1.3/lib/web_console/templates/error_page.js.erb within layouts/javascript (0.4ms)
  Rendered /Users/Fong/.rvm/gems/ruby-2.2.1/gems/web-console-2.1.3/lib/web_console/templates/index.html.erb (114.9ms)


Started GET "/welcome/" for ::1 at 2015-07-07 00:10:20 -0500

ActionController::RoutingError (No route matches [GET] "/welcome"):
  actionpack (4.2.1) lib/action_dispatch/middleware/debug_exceptions.rb:21:in `call'
  web-console (2.1.3) lib/web_console/middleware.rb:37:in `call'
  actionpack (4.2.1) lib/action_dispatch/middleware/show_exceptions.rb:30:in `call'
  railties (4.2.1) lib/rails/rack/logger.rb:38:in `call_app'
  railties (4.2.1) lib/rails/rack/logger.rb:20:in `block in call'
  activesupport (4.2.1) lib/active_support/tagged_logging.rb:68:in `block in tagged'
  activesupport (4.2.1) lib/active_support/tagged_logging.rb:26:in `tagged'
  activesupport (4.2.1) lib/active_support/tagged_logging.rb:68:in `tagged'
  railties (4.2.1) lib/rails/rack/logger.rb:20:in `call'
  actionpack (4.2.1) lib/action_dispatch/middleware/request_id.rb:21:in `call'
  rack (1.6.4) lib/rack/methodoverride.rb:22:in `call'
  rack (1.6.4) lib/rack/runtime.rb:18:in `call'
  activesupport (4.2.1) lib/active_support/cache/strategy/local_cache_middleware.rb:28:in `call'
  rack (1.6.4) lib/rack/lock.rb:17:in `call'
  actionpack (4.2.1) lib/action_dispatch/middleware/static.rb:113:in `call'
  rack (1.6.4) lib/rack/sendfile.rb:113:in `call'
  railties (4.2.1) lib/rails/engine.rb:518:in `call'
  railties (4.2.1) lib/rails/application.rb:164:in `call'
  rack (1.6.4) lib/rack/lock.rb:17:in `call'
  rack (1.6.4) lib/rack/content_length.rb:15:in `call'
  rack (1.6.4) lib/rack/handler/webrick.rb:88:in `service'
  /Users/Fong/.rvm/rubies/ruby-2.2.1/lib/ruby/2.2.0/webrick/httpserver.rb:138:in `service'
  /Users/Fong/.rvm/rubies/ruby-2.2.1/lib/ruby/2.2.0/webrick/httpserver.rb:94:in `run'
  /Users/Fong/.rvm/rubies/ruby-2.2.1/lib/ruby/2.2.0/webrick/server.rb:294:in `block in start_thread'


  Rendered /Users/Fong/.rvm/gems/ruby-2.2.1/gems/actionpack-4.2.1/lib/action_dispatch/middleware/templates/rescues/_trace.html.erb (1.8ms)
  Rendered /Users/Fong/.rvm/gems/ruby-2.2.1/gems/actionpack-4.2.1/lib/action_dispatch/middleware/templates/routes/_route.html.erb (0.6ms)
  Rendered /Users/Fong/.rvm/gems/ruby-2.2.1/gems/actionpack-4.2.1/lib/action_dispatch/middleware/templates/routes/_table.html.erb (1.1ms)
  Rendered /Users/Fong/.rvm/gems/ruby-2.2.1/gems/actionpack-4.2.1/lib/action_dispatch/middleware/templates/rescues/_request_and_response.html.erb (1.7ms)
  Rendered /Users/Fong/.rvm/gems/ruby-2.2.1/gems/actionpack-4.2.1/lib/action_dispatch/middleware/templates/rescues/routing_error.html.erb within rescues/layout (61.2ms)
  Rendered /Users/Fong/.rvm/gems/ruby-2.2.1/gems/web-console-2.1.3/lib/web_console/templates/_markup.html.erb (0.5ms)
  Rendered /Users/Fong/.rvm/gems/ruby-2.2.1/gems/web-console-2.1.3/lib/web_console/templates/style.css.erb within layouts/inlined_string (0.4ms)
  Rendered /Users/Fong/.rvm/gems/ruby-2.2.1/gems/web-console-2.1.3/lib/web_console/templates/_inner_console_markup.html.erb within layouts/inlined_string (0.4ms)
  Rendered /Users/Fong/.rvm/gems/ruby-2.2.1/gems/web-console-2.1.3/lib/web_console/templates/_prompt_box_markup.html.erb within layouts/inlined_string (1.2ms)
  Rendered /Users/Fong/.rvm/gems/ruby-2.2.1/gems/web-console-2.1.3/lib/web_console/templates/console.js.erb within layouts/javascript (49.5ms)
  Rendered /Users/Fong/.rvm/gems/ruby-2.2.1/gems/web-console-2.1.3/lib/web_console/templates/main.js.erb within layouts/javascript (0.4ms)
  Rendered /Users/Fong/.rvm/gems/ruby-2.2.1/gems/web-console-2.1.3/lib/web_console/templates/error_page.js.erb within layouts/javascript (0.6ms)
  Rendered /Users/Fong/.rvm/gems/ruby-2.2.1/gems/web-console-2.1.3/lib/web_console/templates/index.html.erb (132.4ms)


Started GET "/welcome" for ::1 at 2015-07-07 00:10:20 -0500

ActionController::RoutingError (No route matches [GET] "/welcome"):
  actionpack (4.2.1) lib/action_dispatch/middleware/debug_exceptions.rb:21:in `call'
  web-console (2.1.3) lib/web_console/middleware.rb:37:in `call'
  actionpack (4.2.1) lib/action_dispatch/middleware/show_exceptions.rb:30:in `call'
  railties (4.2.1) lib/rails/rack/logger.rb:38:in `call_app'
  railties (4.2.1) lib/rails/rack/logger.rb:20:in `block in call'
  activesupport (4.2.1) lib/active_support/tagged_logging.rb:68:in `block in tagged'
  activesupport (4.2.1) lib/active_support/tagged_logging.rb:26:in `tagged'
  activesupport (4.2.1) lib/active_support/tagged_logging.rb:68:in `tagged'
  railties (4.2.1) lib/rails/rack/logger.rb:20:in `call'
  actionpack (4.2.1) lib/action_dispatch/middleware/request_id.rb:21:in `call'
  rack (1.6.4) lib/rack/methodoverride.rb:22:in `call'
  rack (1.6.4) lib/rack/runtime.rb:18:in `call'
  activesupport (4.2.1) lib/active_support/cache/strategy/local_cache_middleware.rb:28:in `call'
  rack (1.6.4) lib/rack/lock.rb:17:in `call'
  actionpack (4.2.1) lib/action_dispatch/middleware/static.rb:113:in `call'
  rack (1.6.4) lib/rack/sendfile.rb:113:in `call'
  railties (4.2.1) lib/rails/engine.rb:518:in `call'
  railties (4.2.1) lib/rails/application.rb:164:in `call'
  rack (1.6.4) lib/rack/lock.rb:17:in `call'
  rack (1.6.4) lib/rack/content_length.rb:15:in `call'
  rack (1.6.4) lib/rack/handler/webrick.rb:88:in `service'
  /Users/Fong/.rvm/rubies/ruby-2.2.1/lib/ruby/2.2.0/webrick/httpserver.rb:138:in `service'
  /Users/Fong/.rvm/rubies/ruby-2.2.1/lib/ruby/2.2.0/webrick/httpserver.rb:94:in `run'
  /Users/Fong/.rvm/rubies/ruby-2.2.1/lib/ruby/2.2.0/webrick/server.rb:294:in `block in start_thread'


  Rendered /Users/Fong/.rvm/gems/ruby-2.2.1/gems/actionpack-4.2.1/lib/action_dispatch/middleware/templates/rescues/_trace.html.erb (1.2ms)
  Rendered /Users/Fong/.rvm/gems/ruby-2.2.1/gems/actionpack-4.2.1/lib/action_dispatch/middleware/templates/routes/_route.html.erb (0.6ms)
  Rendered /Users/Fong/.rvm/gems/ruby-2.2.1/gems/actionpack-4.2.1/lib/action_dispatch/middleware/templates/routes/_table.html.erb (1.2ms)
  Rendered /Users/Fong/.rvm/gems/ruby-2.2.1/gems/actionpack-4.2.1/lib/action_dispatch/middleware/templates/rescues/_request_and_response.html.erb (1.1ms)
  Rendered /Users/Fong/.rvm/gems/ruby-2.2.1/gems/actionpack-4.2.1/lib/action_dispatch/middleware/templates/rescues/routing_error.html.erb within rescues/layout (61.1ms)
  Rendered /Users/Fong/.rvm/gems/ruby-2.2.1/gems/web-console-2.1.3/lib/web_console/templates/_markup.html.erb (0.4ms)
  Rendered /Users/Fong/.rvm/gems/ruby-2.2.1/gems/web-console-2.1.3/lib/web_console/templates/style.css.erb within layouts/inlined_string (0.3ms)
  Rendered /Users/Fong/.rvm/gems/ruby-2.2.1/gems/web-console-2.1.3/lib/web_console/templates/_inner_console_markup.html.erb within layouts/inlined_string (0.3ms)
  Rendered /Users/Fong/.rvm/gems/ruby-2.2.1/gems/web-console-2.1.3/lib/web_console/templates/_prompt_box_markup.html.erb within layouts/inlined_string (0.3ms)
  Rendered /Users/Fong/.rvm/gems/ruby-2.2.1/gems/web-console-2.1.3/lib/web_console/templates/console.js.erb within layouts/javascript (41.2ms)
  Rendered /Users/Fong/.rvm/gems/ruby-2.2.1/gems/web-console-2.1.3/lib/web_console/templates/main.js.erb within layouts/javascript (0.5ms)
  Rendered /Users/Fong/.rvm/gems/ruby-2.2.1/gems/web-console-2.1.3/lib/web_console/templates/error_page.js.erb within layouts/javascript (0.5ms)
  Rendered /Users/Fong/.rvm/gems/ruby-2.2.1/gems/web-console-2.1.3/lib/web_console/templates/index.html.erb (93.3ms)


Started GET "/welcome/" for ::1 at 2015-07-07 00:10:24 -0500

ActionController::RoutingError (No route matches [GET] "/welcome"):
  actionpack (4.2.1) lib/action_dispatch/middleware/debug_exceptions.rb:21:in `call'
  web-console (2.1.3) lib/web_console/middleware.rb:37:in `call'
  actionpack (4.2.1) lib/action_dispatch/middleware/show_exceptions.rb:30:in `call'
  railties (4.2.1) lib/rails/rack/logger.rb:38:in `call_app'
  railties (4.2.1) lib/rails/rack/logger.rb:20:in `block in call'
  activesupport (4.2.1) lib/active_support/tagged_logging.rb:68:in `block in tagged'
  activesupport (4.2.1) lib/active_support/tagged_logging.rb:26:in `tagged'
  activesupport (4.2.1) lib/active_support/tagged_logging.rb:68:in `tagged'
  railties (4.2.1) lib/rails/rack/logger.rb:20:in `call'
  actionpack (4.2.1) lib/action_dispatch/middleware/request_id.rb:21:in `call'
  rack (1.6.4) lib/rack/methodoverride.rb:22:in `call'
  rack (1.6.4) lib/rack/runtime.rb:18:in `call'
  activesupport (4.2.1) lib/active_support/cache/strategy/local_cache_middleware.rb:28:in `call'
  rack (1.6.4) lib/rack/lock.rb:17:in `call'
  actionpack (4.2.1) lib/action_dispatch/middleware/static.rb:113:in `call'
  rack (1.6.4) lib/rack/sendfile.rb:113:in `call'
  railties (4.2.1) lib/rails/engine.rb:518:in `call'
  railties (4.2.1) lib/rails/application.rb:164:in `call'
  rack (1.6.4) lib/rack/lock.rb:17:in `call'
  rack (1.6.4) lib/rack/content_length.rb:15:in `call'
  rack (1.6.4) lib/rack/handler/webrick.rb:88:in `service'
  /Users/Fong/.rvm/rubies/ruby-2.2.1/lib/ruby/2.2.0/webrick/httpserver.rb:138:in `service'
  /Users/Fong/.rvm/rubies/ruby-2.2.1/lib/ruby/2.2.0/webrick/httpserver.rb:94:in `run'
  /Users/Fong/.rvm/rubies/ruby-2.2.1/lib/ruby/2.2.0/webrick/server.rb:294:in `block in start_thread'


  Rendered /Users/Fong/.rvm/gems/ruby-2.2.1/gems/actionpack-4.2.1/lib/action_dispatch/middleware/templates/rescues/_trace.html.erb (1.5ms)
  Rendered /Users/Fong/.rvm/gems/ruby-2.2.1/gems/actionpack-4.2.1/lib/action_dispatch/middleware/templates/routes/_route.html.erb (0.6ms)
  Rendered /Users/Fong/.rvm/gems/ruby-2.2.1/gems/actionpack-4.2.1/lib/action_dispatch/middleware/templates/routes/_table.html.erb (1.0ms)
  Rendered /Users/Fong/.rvm/gems/ruby-2.2.1/gems/actionpack-4.2.1/lib/action_dispatch/middleware/templates/rescues/_request_and_response.html.erb (0.9ms)
  Rendered /Users/Fong/.rvm/gems/ruby-2.2.1/gems/actionpack-4.2.1/lib/action_dispatch/middleware/templates/rescues/routing_error.html.erb within rescues/layout (55.3ms)
  Rendered /Users/Fong/.rvm/gems/ruby-2.2.1/gems/web-console-2.1.3/lib/web_console/templates/_markup.html.erb (0.7ms)
  Rendered /Users/Fong/.rvm/gems/ruby-2.2.1/gems/web-console-2.1.3/lib/web_console/templates/style.css.erb within layouts/inlined_string (0.3ms)
  Rendered /Users/Fong/.rvm/gems/ruby-2.2.1/gems/web-console-2.1.3/lib/web_console/templates/_inner_console_markup.html.erb within layouts/inlined_string (0.3ms)
  Rendered /Users/Fong/.rvm/gems/ruby-2.2.1/gems/web-console-2.1.3/lib/web_console/templates/_prompt_box_markup.html.erb within layouts/inlined_string (0.3ms)
  Rendered /Users/Fong/.rvm/gems/ruby-2.2.1/gems/web-console-2.1.3/lib/web_console/templates/console.js.erb within layouts/javascript (43.4ms)
  Rendered /Users/Fong/.rvm/gems/ruby-2.2.1/gems/web-console-2.1.3/lib/web_console/templates/main.js.erb within layouts/javascript (0.3ms)
  Rendered /Users/Fong/.rvm/gems/ruby-2.2.1/gems/web-console-2.1.3/lib/web_console/templates/error_page.js.erb within layouts/javascript (0.6ms)
  Rendered /Users/Fong/.rvm/gems/ruby-2.2.1/gems/web-console-2.1.3/lib/web_console/templates/index.html.erb (94.8ms)


Started GET "/welcome/index" for ::1 at 2015-07-07 00:10:24 -0500
Processing by WelcomeController#index as HTML
  Rendered welcome/index.html.erb within layouts/application (0.3ms)
Completed 200 OK in 1876ms (Views: 1875.1ms | ActiveRecord: 0.0ms)


Started GET "/assets/welcome.self-e3b0c44298fc1c149afbf4c8996fb92427ae41e4649b934ca495991b7852b855.css?body=1" for ::1 at 2015-07-07 00:10:26 -0500


Started GET "/assets/jquery.self-d03a5518f45df77341bdbe6201ba3bfa547ebba8ed64f0ea56bfa5f96ea7c074.js?body=1" for ::1 at 2015-07-07 00:10:26 -0500


Started GET "/assets/jquery_ujs.self-ca5248a2fad13d6bd58ea121318d642f195f0b2dd818b30615f785ff365e8d1f.js?body=1" for ::1 at 2015-07-07 00:10:26 -0500


Started GET "/assets/application.self-e80e8f2318043e8af94dddc2adad5a4f09739a8ebb323b3ab31cd71d45fd9113.css?body=1" for ::1 at 2015-07-07 00:10:26 -0500


Started GET "/assets/application.self-3b8dabdc891efe46b9a144b400ad69e37d7e5876bdc39dee783419a69d7ca819.js?body=1" for ::1 at 2015-07-07 00:10:26 -0500


Started GET "/assets/turbolinks.self-c37727e9bd6b2735da5c311aa83fead54ed0be6cc8bd9a65309e9c5abe2cbfff.js?body=1" for ::1 at 2015-07-07 00:10:26 -0500


Started GET "/assets/welcome.self-877aef30ae1b040ab8a3aba4e3e309a11d7f2612f44dde450b5c157aa5f95c05.js?body=1" for ::1 at 2015-07-07 00:10:26 -0500


Started GET "/" for ::1 at 2015-07-07 00:10:56 -0500
DEPRECATION WARNING: Defining a route where `to` is a controller without an action is deprecated. Please change `to: :welcome/index` to `controller: :welcome/index`. (called from block in <top (required)> at /Users/Fong/Dropbox/Development/Bloc.io/Blocitoff/config/routes.rb:3)

ArgumentError (Missing :action key on routes definition, please check your routes.):
  config/routes.rb:3:in `block in <top (required)>'
  config/routes.rb:1:in `<top (required)>'


  Rendered /Users/Fong/.rvm/gems/ruby-2.2.1/gems/actionpack-4.2.1/lib/action_dispatch/middleware/templates/rescues/_source.erb (5.8ms)
  Rendered /Users/Fong/.rvm/gems/ruby-2.2.1/gems/actionpack-4.2.1/lib/action_dispatch/middleware/templates/rescues/_trace.html.erb (2.7ms)
  Rendered /Users/Fong/.rvm/gems/ruby-2.2.1/gems/actionpack-4.2.1/lib/action_dispatch/middleware/templates/rescues/_request_and_response.html.erb (1.2ms)
  Rendered /Users/Fong/.rvm/gems/ruby-2.2.1/gems/actionpack-4.2.1/lib/action_dispatch/middleware/templates/rescues/diagnostics.html.erb within rescues/layout (53.9ms)
  Rendered /Users/Fong/.rvm/gems/ruby-2.2.1/gems/web-console-2.1.3/lib/web_console/templates/_markup.html.erb (0.4ms)
  Rendered /Users/Fong/.rvm/gems/ruby-2.2.1/gems/web-console-2.1.3/lib/web_console/templates/style.css.erb within layouts/inlined_string (0.4ms)
  Rendered /Users/Fong/.rvm/gems/ruby-2.2.1/gems/web-console-2.1.3/lib/web_console/templates/_inner_console_markup.html.erb within layouts/inlined_string (0.4ms)
  Rendered /Users/Fong/.rvm/gems/ruby-2.2.1/gems/web-console-2.1.3/lib/web_console/templates/_prompt_box_markup.html.erb within layouts/inlined_string (0.4ms)
  Rendered /Users/Fong/.rvm/gems/ruby-2.2.1/gems/web-console-2.1.3/lib/web_console/templates/console.js.erb within layouts/javascript (45.9ms)
  Rendered /Users/Fong/.rvm/gems/ruby-2.2.1/gems/web-console-2.1.3/lib/web_console/templates/main.js.erb within layouts/javascript (0.6ms)
  Rendered /Users/Fong/.rvm/gems/ruby-2.2.1/gems/web-console-2.1.3/lib/web_console/templates/error_page.js.erb within layouts/javascript (0.7ms)
  Rendered /Users/Fong/.rvm/gems/ruby-2.2.1/gems/web-console-2.1.3/lib/web_console/templates/index.html.erb (99.8ms)
DEPRECATION WARNING: Defining a route where `to` is a controller without an action is deprecated. Please change `to: :welcome/index` to `controller: :welcome/index`. (called from block in <top (required)> at /Users/Fong/Dropbox/Development/Bloc.io/Blocitoff/config/routes.rb:3)


Started GET "/" for ::1 at 2015-07-07 00:11:43 -0500
Processing by WelcomeController#index as HTML
  Rendered welcome/index.html.erb within layouts/application (0.1ms)
Completed 200 OK in 66ms (Views: 64.8ms | ActiveRecord: 0.0ms)


Started GET "/assets/welcome.self-e3b0c44298fc1c149afbf4c8996fb92427ae41e4649b934ca495991b7852b855.css?body=1" for ::1 at 2015-07-07 00:11:43 -0500


Started GET "/assets/jquery.self-d03a5518f45df77341bdbe6201ba3bfa547ebba8ed64f0ea56bfa5f96ea7c074.js?body=1" for ::1 at 2015-07-07 00:11:44 -0500


Started GET "/assets/application.self-e80e8f2318043e8af94dddc2adad5a4f09739a8ebb323b3ab31cd71d45fd9113.css?body=1" for ::1 at 2015-07-07 00:11:44 -0500


Started GET "/assets/welcome.self-877aef30ae1b040ab8a3aba4e3e309a11d7f2612f44dde450b5c157aa5f95c05.js?body=1" for ::1 at 2015-07-07 00:11:44 -0500


Started GET "/assets/turbolinks.self-c37727e9bd6b2735da5c311aa83fead54ed0be6cc8bd9a65309e9c5abe2cbfff.js?body=1" for ::1 at 2015-07-07 00:11:44 -0500


Started GET "/assets/jquery_ujs.self-ca5248a2fad13d6bd58ea121318d642f195f0b2dd818b30615f785ff365e8d1f.js?body=1" for ::1 at 2015-07-07 00:11:44 -0500


Started GET "/assets/application.self-3b8dabdc891efe46b9a144b400ad69e37d7e5876bdc39dee783419a69d7ca819.js?body=1" for ::1 at 2015-07-07 00:11:44 -0500


Started GET "/" for ::1 at 2015-07-07 00:14:15 -0500
Processing by WelcomeController#index as HTML
  Rendered welcome/index.html.erb within layouts/application (0.2ms)
Completed 200 OK in 96ms (Views: 92.4ms | ActiveRecord: 0.0ms)


Started GET "/assets/welcome.self-e3b0c44298fc1c149afbf4c8996fb92427ae41e4649b934ca495991b7852b855.css?body=1" for ::1 at 2015-07-07 00:14:15 -0500


Started GET "/assets/application.self-3b8dabdc891efe46b9a144b400ad69e37d7e5876bdc39dee783419a69d7ca819.js?body=1" for ::1 at 2015-07-07 00:14:15 -0500


Started GET "/assets/jquery.self-d03a5518f45df77341bdbe6201ba3bfa547ebba8ed64f0ea56bfa5f96ea7c074.js?body=1" for ::1 at 2015-07-07 00:14:15 -0500


Started GET "/assets/welcome.self-877aef30ae1b040ab8a3aba4e3e309a11d7f2612f44dde450b5c157aa5f95c05.js?body=1" for ::1 at 2015-07-07 00:14:15 -0500


Started GET "/assets/jquery_ujs.self-ca5248a2fad13d6bd58ea121318d642f195f0b2dd818b30615f785ff365e8d1f.js?body=1" for ::1 at 2015-07-07 00:14:15 -0500


Started GET "/assets/application.self-e80e8f2318043e8af94dddc2adad5a4f09739a8ebb323b3ab31cd71d45fd9113.css?body=1" for ::1 at 2015-07-07 00:14:15 -0500


Started GET "/assets/turbolinks.self-c37727e9bd6b2735da5c311aa83fead54ed0be6cc8bd9a65309e9c5abe2cbfff.js?body=1" for ::1 at 2015-07-07 00:14:15 -0500


Started GET "/welcome/index" for ::1 at 2015-07-07 00:14:18 -0500
Processing by WelcomeController#index as HTML
  Rendered welcome/index.html.erb within layouts/application (0.3ms)
Completed 200 OK in 39ms (Views: 38.9ms | ActiveRecord: 0.0ms)


Started GET "/welcome/index" for ::1 at 2015-07-07 00:18:33 -0500
Processing by WelcomeController#index as HTML
  Rendered welcome/index.html.erb within layouts/application (0.1ms)
Completed 500 Internal Server Error in 60ms (ActiveRecord: 0.0ms)

ActionView::Template::Error (File to import not found or unreadable: bootstrap-sprockets.
Load paths:
  /Users/Fong/Dropbox/Development/Bloc.io/Blocitoff/app/assets/images
  /Users/Fong/Dropbox/Development/Bloc.io/Blocitoff/app/assets/javascripts
  /Users/Fong/Dropbox/Development/Bloc.io/Blocitoff/app/assets/stylesheets
  /Users/Fong/Dropbox/Development/Bloc.io/Blocitoff/vendor/assets/javascripts
  /Users/Fong/Dropbox/Development/Bloc.io/Blocitoff/vendor/assets/stylesheets
  /Users/Fong/.rvm/gems/ruby-2.2.1/gems/turbolinks-2.5.3/lib/assets/javascripts
  /Users/Fong/.rvm/gems/ruby-2.2.1/gems/jquery-rails-4.0.4/vendor/assets/javascripts
  /Users/Fong/.rvm/gems/ruby-2.2.1/gems/coffee-rails-4.1.0/lib/assets/javascripts):
    3: <head>
    4:   <title>Blocitoff</title>
    5:   <meta name="viewport" content="width=device-width, initial-scale=1">
    6:   <%= stylesheet_link_tag    'application', media: 'all', 'data-turbolinks-track' => true %>
    7:   <%= javascript_include_tag 'application', 'data-turbolinks-track' => true %>
    8:   <%= csrf_meta_tags %>
    9: </head>
  app/assets/stylesheets/application.scss:17
  app/views/layouts/application.html.erb:6:in `_app_views_layouts_application_html_erb___1273191861644961127_70353068012100'


  Rendered /Users/Fong/.rvm/gems/ruby-2.2.1/gems/actionpack-4.2.1/lib/action_dispatch/middleware/templates/rescues/_source.erb (11.3ms)
  Rendered /Users/Fong/.rvm/gems/ruby-2.2.1/gems/actionpack-4.2.1/lib/action_dispatch/middleware/templates/rescues/_trace.html.erb (3.7ms)
  Rendered /Users/Fong/.rvm/gems/ruby-2.2.1/gems/actionpack-4.2.1/lib/action_dispatch/middleware/templates/rescues/_request_and_response.html.erb (1.0ms)
  Rendered /Users/Fong/.rvm/gems/ruby-2.2.1/gems/actionpack-4.2.1/lib/action_dispatch/middleware/templates/rescues/template_error.html.erb within rescues/layout (65.9ms)
  Rendered /Users/Fong/.rvm/gems/ruby-2.2.1/gems/web-console-2.1.3/lib/web_console/templates/_markup.html.erb (0.4ms)
  Rendered /Users/Fong/.rvm/gems/ruby-2.2.1/gems/web-console-2.1.3/lib/web_console/templates/style.css.erb within layouts/inlined_string (0.4ms)
  Rendered /Users/Fong/.rvm/gems/ruby-2.2.1/gems/web-console-2.1.3/lib/web_console/templates/_inner_console_markup.html.erb within layouts/inlined_string (0.3ms)
  Rendered /Users/Fong/.rvm/gems/ruby-2.2.1/gems/web-console-2.1.3/lib/web_console/templates/_prompt_box_markup.html.erb within layouts/inlined_string (0.3ms)
  Rendered /Users/Fong/.rvm/gems/ruby-2.2.1/gems/web-console-2.1.3/lib/web_console/templates/console.js.erb within layouts/javascript (49.2ms)
  Rendered /Users/Fong/.rvm/gems/ruby-2.2.1/gems/web-console-2.1.3/lib/web_console/templates/main.js.erb within layouts/javascript (0.5ms)
  Rendered /Users/Fong/.rvm/gems/ruby-2.2.1/gems/web-console-2.1.3/lib/web_console/templates/error_page.js.erb within layouts/javascript (0.6ms)
  Rendered /Users/Fong/.rvm/gems/ruby-2.2.1/gems/web-console-2.1.3/lib/web_console/templates/index.html.erb (110.7ms)


Started GET "/welcome/index" for ::1 at 2015-07-07 00:18:48 -0500
Processing by WelcomeController#index as HTML
  Rendered welcome/index.html.erb within layouts/application (0.6ms)
Completed 500 Internal Server Error in 75ms (ActiveRecord: 0.0ms)

ActionView::Template::Error (File to import not found or unreadable: bootstrap-sprockets.
Load paths:
  /Users/Fong/Dropbox/Development/Bloc.io/Blocitoff/app/assets/images
  /Users/Fong/Dropbox/Development/Bloc.io/Blocitoff/app/assets/javascripts
  /Users/Fong/Dropbox/Development/Bloc.io/Blocitoff/app/assets/stylesheets
  /Users/Fong/Dropbox/Development/Bloc.io/Blocitoff/vendor/assets/javascripts
  /Users/Fong/Dropbox/Development/Bloc.io/Blocitoff/vendor/assets/stylesheets
  /Users/Fong/.rvm/gems/ruby-2.2.1/gems/turbolinks-2.5.3/lib/assets/javascripts
  /Users/Fong/.rvm/gems/ruby-2.2.1/gems/jquery-rails-4.0.4/vendor/assets/javascripts
  /Users/Fong/.rvm/gems/ruby-2.2.1/gems/coffee-rails-4.1.0/lib/assets/javascripts):
    3: <head>
    4:   <title>Blocitoff</title>
    5:   <meta name="viewport" content="width=device-width, initial-scale=1">
    6:   <%= stylesheet_link_tag    'application', media: 'all', 'data-turbolinks-track' => true %>
    7:   <%= javascript_include_tag 'application', 'data-turbolinks-track' => true %>
    8:   <%= csrf_meta_tags %>
    9: </head>
  app/assets/stylesheets/application.scss:17
  app/views/layouts/application.html.erb:6:in `_app_views_layouts_application_html_erb___1273191861644961127_70353068012100'


  Rendered /Users/Fong/.rvm/gems/ruby-2.2.1/gems/actionpack-4.2.1/lib/action_dispatch/middleware/templates/rescues/_source.erb (8.2ms)
  Rendered /Users/Fong/.rvm/gems/ruby-2.2.1/gems/actionpack-4.2.1/lib/action_dispatch/middleware/templates/rescues/_trace.html.erb (4.0ms)
  Rendered /Users/Fong/.rvm/gems/ruby-2.2.1/gems/actionpack-4.2.1/lib/action_dispatch/middleware/templates/rescues/_request_and_response.html.erb (1.3ms)
  Rendered /Users/Fong/.rvm/gems/ruby-2.2.1/gems/actionpack-4.2.1/lib/action_dispatch/middleware/templates/rescues/template_error.html.erb within rescues/layout (57.6ms)
  Rendered /Users/Fong/.rvm/gems/ruby-2.2.1/gems/web-console-2.1.3/lib/web_console/templates/_markup.html.erb (0.5ms)
  Rendered /Users/Fong/.rvm/gems/ruby-2.2.1/gems/web-console-2.1.3/lib/web_console/templates/style.css.erb within layouts/inlined_string (0.4ms)
  Rendered /Users/Fong/.rvm/gems/ruby-2.2.1/gems/web-console-2.1.3/lib/web_console/templates/_inner_console_markup.html.erb within layouts/inlined_string (0.3ms)
  Rendered /Users/Fong/.rvm/gems/ruby-2.2.1/gems/web-console-2.1.3/lib/web_console/templates/_prompt_box_markup.html.erb within layouts/inlined_string (0.4ms)
  Rendered /Users/Fong/.rvm/gems/ruby-2.2.1/gems/web-console-2.1.3/lib/web_console/templates/console.js.erb within layouts/javascript (48.1ms)
  Rendered /Users/Fong/.rvm/gems/ruby-2.2.1/gems/web-console-2.1.3/lib/web_console/templates/main.js.erb within layouts/javascript (0.4ms)
  Rendered /Users/Fong/.rvm/gems/ruby-2.2.1/gems/web-console-2.1.3/lib/web_console/templates/error_page.js.erb within layouts/javascript (0.4ms)
  Rendered /Users/Fong/.rvm/gems/ruby-2.2.1/gems/web-console-2.1.3/lib/web_console/templates/index.html.erb (102.8ms)


Started GET "/" for ::1 at 2015-07-07 00:20:44 -0500
Processing by WelcomeController#index as HTML
  Rendered welcome/index.html.erb within layouts/application (0.1ms)
Completed 500 Internal Server Error in 58ms (ActiveRecord: 0.0ms)

ActionView::Template::Error (File to import not found or unreadable: bootstrap-sprockets.
Load paths:
  /Users/Fong/Dropbox/Development/Bloc.io/Blocitoff/app/assets/images
  /Users/Fong/Dropbox/Development/Bloc.io/Blocitoff/app/assets/javascripts
  /Users/Fong/Dropbox/Development/Bloc.io/Blocitoff/app/assets/stylesheets
  /Users/Fong/Dropbox/Development/Bloc.io/Blocitoff/vendor/assets/javascripts
  /Users/Fong/Dropbox/Development/Bloc.io/Blocitoff/vendor/assets/stylesheets
  /Users/Fong/.rvm/gems/ruby-2.2.1/gems/turbolinks-2.5.3/lib/assets/javascripts
  /Users/Fong/.rvm/gems/ruby-2.2.1/gems/jquery-rails-4.0.4/vendor/assets/javascripts
  /Users/Fong/.rvm/gems/ruby-2.2.1/gems/coffee-rails-4.1.0/lib/assets/javascripts):
    3: <head>
    4:   <title>Blocitoff</title>
    5:   <meta name="viewport" content="width=device-width, initial-scale=1">
    6:   <%= stylesheet_link_tag    'application', media: 'all', 'data-turbolinks-track' => true %>
    7:   <%= javascript_include_tag 'application', 'data-turbolinks-track' => true %>
    8:   <%= csrf_meta_tags %>
    9: </head>
  app/assets/stylesheets/application.scss:17
  app/views/layouts/application.html.erb:6:in `_app_views_layouts_application_html_erb___1273191861644961127_70353068012100'


  Rendered /Users/Fong/.rvm/gems/ruby-2.2.1/gems/actionpack-4.2.1/lib/action_dispatch/middleware/templates/rescues/_source.erb (8.9ms)
  Rendered /Users/Fong/.rvm/gems/ruby-2.2.1/gems/actionpack-4.2.1/lib/action_dispatch/middleware/templates/rescues/_trace.html.erb (4.2ms)
  Rendered /Users/Fong/.rvm/gems/ruby-2.2.1/gems/actionpack-4.2.1/lib/action_dispatch/middleware/templates/rescues/_request_and_response.html.erb (1.0ms)
  Rendered /Users/Fong/.rvm/gems/ruby-2.2.1/gems/actionpack-4.2.1/lib/action_dispatch/middleware/templates/rescues/template_error.html.erb within rescues/layout (66.9ms)
  Rendered /Users/Fong/.rvm/gems/ruby-2.2.1/gems/web-console-2.1.3/lib/web_console/templates/_markup.html.erb (0.4ms)
  Rendered /Users/Fong/.rvm/gems/ruby-2.2.1/gems/web-console-2.1.3/lib/web_console/templates/style.css.erb within layouts/inlined_string (0.4ms)
  Rendered /Users/Fong/.rvm/gems/ruby-2.2.1/gems/web-console-2.1.3/lib/web_console/templates/_inner_console_markup.html.erb within layouts/inlined_string (0.3ms)
  Rendered /Users/Fong/.rvm/gems/ruby-2.2.1/gems/web-console-2.1.3/lib/web_console/templates/_prompt_box_markup.html.erb within layouts/inlined_string (0.5ms)
  Rendered /Users/Fong/.rvm/gems/ruby-2.2.1/gems/web-console-2.1.3/lib/web_console/templates/console.js.erb within layouts/javascript (47.4ms)
  Rendered /Users/Fong/.rvm/gems/ruby-2.2.1/gems/web-console-2.1.3/lib/web_console/templates/main.js.erb within layouts/javascript (0.4ms)
  Rendered /Users/Fong/.rvm/gems/ruby-2.2.1/gems/web-console-2.1.3/lib/web_console/templates/error_page.js.erb within layouts/javascript (0.5ms)
  Rendered /Users/Fong/.rvm/gems/ruby-2.2.1/gems/web-console-2.1.3/lib/web_console/templates/index.html.erb (108.7ms)


Started GET "/" for ::1 at 2015-07-07 00:20:45 -0500
Processing by WelcomeController#index as HTML
  Rendered welcome/index.html.erb within layouts/application (0.0ms)
Completed 500 Internal Server Error in 16ms (ActiveRecord: 0.0ms)

ActionView::Template::Error (File to import not found or unreadable: bootstrap-sprockets.
Load paths:
  /Users/Fong/Dropbox/Development/Bloc.io/Blocitoff/app/assets/images
  /Users/Fong/Dropbox/Development/Bloc.io/Blocitoff/app/assets/javascripts
  /Users/Fong/Dropbox/Development/Bloc.io/Blocitoff/app/assets/stylesheets
  /Users/Fong/Dropbox/Development/Bloc.io/Blocitoff/vendor/assets/javascripts
  /Users/Fong/Dropbox/Development/Bloc.io/Blocitoff/vendor/assets/stylesheets
  /Users/Fong/.rvm/gems/ruby-2.2.1/gems/turbolinks-2.5.3/lib/assets/javascripts
  /Users/Fong/.rvm/gems/ruby-2.2.1/gems/jquery-rails-4.0.4/vendor/assets/javascripts
  /Users/Fong/.rvm/gems/ruby-2.2.1/gems/coffee-rails-4.1.0/lib/assets/javascripts):
    3: <head>
    4:   <title>Blocitoff</title>
    5:   <meta name="viewport" content="width=device-width, initial-scale=1">
    6:   <%= stylesheet_link_tag    'application', media: 'all', 'data-turbolinks-track' => true %>
    7:   <%= javascript_include_tag 'application', 'data-turbolinks-track' => true %>
    8:   <%= csrf_meta_tags %>
    9: </head>
  app/assets/stylesheets/application.scss:17
  app/views/layouts/application.html.erb:6:in `_app_views_layouts_application_html_erb___1273191861644961127_70353068012100'


  Rendered /Users/Fong/.rvm/gems/ruby-2.2.1/gems/actionpack-4.2.1/lib/action_dispatch/middleware/templates/rescues/_source.erb (8.1ms)
  Rendered /Users/Fong/.rvm/gems/ruby-2.2.1/gems/actionpack-4.2.1/lib/action_dispatch/middleware/templates/rescues/_trace.html.erb (3.5ms)
  Rendered /Users/Fong/.rvm/gems/ruby-2.2.1/gems/actionpack-4.2.1/lib/action_dispatch/middleware/templates/rescues/_request_and_response.html.erb (1.4ms)
  Rendered /Users/Fong/.rvm/gems/ruby-2.2.1/gems/actionpack-4.2.1/lib/action_dispatch/middleware/templates/rescues/template_error.html.erb within rescues/layout (61.3ms)
  Rendered /Users/Fong/.rvm/gems/ruby-2.2.1/gems/web-console-2.1.3/lib/web_console/templates/_markup.html.erb (0.5ms)
  Rendered /Users/Fong/.rvm/gems/ruby-2.2.1/gems/web-console-2.1.3/lib/web_console/templates/style.css.erb within layouts/inlined_string (0.3ms)
  Rendered /Users/Fong/.rvm/gems/ruby-2.2.1/gems/web-console-2.1.3/lib/web_console/templates/_inner_console_markup.html.erb within layouts/inlined_string (0.3ms)
  Rendered /Users/Fong/.rvm/gems/ruby-2.2.1/gems/web-console-2.1.3/lib/web_console/templates/_prompt_box_markup.html.erb within layouts/inlined_string (0.3ms)
  Rendered /Users/Fong/.rvm/gems/ruby-2.2.1/gems/web-console-2.1.3/lib/web_console/templates/console.js.erb within layouts/javascript (40.5ms)
  Rendered /Users/Fong/.rvm/gems/ruby-2.2.1/gems/web-console-2.1.3/lib/web_console/templates/main.js.erb within layouts/javascript (0.3ms)
  Rendered /Users/Fong/.rvm/gems/ruby-2.2.1/gems/web-console-2.1.3/lib/web_console/templates/error_page.js.erb within layouts/javascript (0.4ms)
  Rendered /Users/Fong/.rvm/gems/ruby-2.2.1/gems/web-console-2.1.3/lib/web_console/templates/index.html.erb (90.0ms)


Started GET "/apple-touch-icon-precomposed.png" for ::1 at 2015-07-07 00:20:46 -0500

ActionController::RoutingError (No route matches [GET] "/apple-touch-icon-precomposed.png"):
  actionpack (4.2.1) lib/action_dispatch/middleware/debug_exceptions.rb:21:in `call'
  web-console (2.1.3) lib/web_console/middleware.rb:37:in `call'
  actionpack (4.2.1) lib/action_dispatch/middleware/show_exceptions.rb:30:in `call'
  railties (4.2.1) lib/rails/rack/logger.rb:38:in `call_app'
  railties (4.2.1) lib/rails/rack/logger.rb:20:in `block in call'
  activesupport (4.2.1) lib/active_support/tagged_logging.rb:68:in `block in tagged'
  activesupport (4.2.1) lib/active_support/tagged_logging.rb:26:in `tagged'
  activesupport (4.2.1) lib/active_support/tagged_logging.rb:68:in `tagged'
  railties (4.2.1) lib/rails/rack/logger.rb:20:in `call'
  actionpack (4.2.1) lib/action_dispatch/middleware/request_id.rb:21:in `call'
  rack (1.6.4) lib/rack/methodoverride.rb:22:in `call'
  rack (1.6.4) lib/rack/runtime.rb:18:in `call'
  activesupport (4.2.1) lib/active_support/cache/strategy/local_cache_middleware.rb:28:in `call'
  rack (1.6.4) lib/rack/lock.rb:17:in `call'
  actionpack (4.2.1) lib/action_dispatch/middleware/static.rb:113:in `call'
  rack (1.6.4) lib/rack/sendfile.rb:113:in `call'
  railties (4.2.1) lib/rails/engine.rb:518:in `call'
  railties (4.2.1) lib/rails/application.rb:164:in `call'
  rack (1.6.4) lib/rack/lock.rb:17:in `call'
  rack (1.6.4) lib/rack/content_length.rb:15:in `call'
  rack (1.6.4) lib/rack/handler/webrick.rb:88:in `service'
  /Users/Fong/.rvm/rubies/ruby-2.2.1/lib/ruby/2.2.0/webrick/httpserver.rb:138:in `service'
  /Users/Fong/.rvm/rubies/ruby-2.2.1/lib/ruby/2.2.0/webrick/httpserver.rb:94:in `run'
  /Users/Fong/.rvm/rubies/ruby-2.2.1/lib/ruby/2.2.0/webrick/server.rb:294:in `block in start_thread'


  Rendered /Users/Fong/.rvm/gems/ruby-2.2.1/gems/actionpack-4.2.1/lib/action_dispatch/middleware/templates/rescues/_trace.html.erb (1.1ms)
  Rendered /Users/Fong/.rvm/gems/ruby-2.2.1/gems/actionpack-4.2.1/lib/action_dispatch/middleware/templates/routes/_route.html.erb (1.4ms)
  Rendered /Users/Fong/.rvm/gems/ruby-2.2.1/gems/actionpack-4.2.1/lib/action_dispatch/middleware/templates/routes/_table.html.erb (2.7ms)
  Rendered /Users/Fong/.rvm/gems/ruby-2.2.1/gems/actionpack-4.2.1/lib/action_dispatch/middleware/templates/rescues/_request_and_response.html.erb (0.9ms)
  Rendered /Users/Fong/.rvm/gems/ruby-2.2.1/gems/actionpack-4.2.1/lib/action_dispatch/middleware/templates/rescues/routing_error.html.erb within rescues/layout (87.1ms)
  Rendered /Users/Fong/.rvm/gems/ruby-2.2.1/gems/web-console-2.1.3/lib/web_console/templates/_markup.html.erb (0.3ms)
  Rendered /Users/Fong/.rvm/gems/ruby-2.2.1/gems/web-console-2.1.3/lib/web_console/templates/style.css.erb within layouts/inlined_string (0.3ms)
  Rendered /Users/Fong/.rvm/gems/ruby-2.2.1/gems/web-console-2.1.3/lib/web_console/templates/_inner_console_markup.html.erb within layouts/inlined_string (0.4ms)
  Rendered /Users/Fong/.rvm/gems/ruby-2.2.1/gems/web-console-2.1.3/lib/web_console/templates/_prompt_box_markup.html.erb within layouts/inlined_string (0.4ms)
  Rendered /Users/Fong/.rvm/gems/ruby-2.2.1/gems/web-console-2.1.3/lib/web_console/templates/console.js.erb within layouts/javascript (48.7ms)
  Rendered /Users/Fong/.rvm/gems/ruby-2.2.1/gems/web-console-2.1.3/lib/web_console/templates/main.js.erb within layouts/javascript (0.4ms)
  Rendered /Users/Fong/.rvm/gems/ruby-2.2.1/gems/web-console-2.1.3/lib/web_console/templates/error_page.js.erb within layouts/javascript (0.4ms)
  Rendered /Users/Fong/.rvm/gems/ruby-2.2.1/gems/web-console-2.1.3/lib/web_console/templates/index.html.erb (107.8ms)


Started GET "/apple-touch-icon.png" for ::1 at 2015-07-07 00:20:47 -0500

ActionController::RoutingError (No route matches [GET] "/apple-touch-icon.png"):
  actionpack (4.2.1) lib/action_dispatch/middleware/debug_exceptions.rb:21:in `call'
  web-console (2.1.3) lib/web_console/middleware.rb:37:in `call'
  actionpack (4.2.1) lib/action_dispatch/middleware/show_exceptions.rb:30:in `call'
  railties (4.2.1) lib/rails/rack/logger.rb:38:in `call_app'
  railties (4.2.1) lib/rails/rack/logger.rb:20:in `block in call'
  activesupport (4.2.1) lib/active_support/tagged_logging.rb:68:in `block in tagged'
  activesupport (4.2.1) lib/active_support/tagged_logging.rb:26:in `tagged'
  activesupport (4.2.1) lib/active_support/tagged_logging.rb:68:in `tagged'
  railties (4.2.1) lib/rails/rack/logger.rb:20:in `call'
  actionpack (4.2.1) lib/action_dispatch/middleware/request_id.rb:21:in `call'
  rack (1.6.4) lib/rack/methodoverride.rb:22:in `call'
  rack (1.6.4) lib/rack/runtime.rb:18:in `call'
  activesupport (4.2.1) lib/active_support/cache/strategy/local_cache_middleware.rb:28:in `call'
  rack (1.6.4) lib/rack/lock.rb:17:in `call'
  actionpack (4.2.1) lib/action_dispatch/middleware/static.rb:113:in `call'
  rack (1.6.4) lib/rack/sendfile.rb:113:in `call'
  railties (4.2.1) lib/rails/engine.rb:518:in `call'
  railties (4.2.1) lib/rails/application.rb:164:in `call'
  rack (1.6.4) lib/rack/lock.rb:17:in `call'
  rack (1.6.4) lib/rack/content_length.rb:15:in `call'
  rack (1.6.4) lib/rack/handler/webrick.rb:88:in `service'
  /Users/Fong/.rvm/rubies/ruby-2.2.1/lib/ruby/2.2.0/webrick/httpserver.rb:138:in `service'
  /Users/Fong/.rvm/rubies/ruby-2.2.1/lib/ruby/2.2.0/webrick/httpserver.rb:94:in `run'
  /Users/Fong/.rvm/rubies/ruby-2.2.1/lib/ruby/2.2.0/webrick/server.rb:294:in `block in start_thread'


  Rendered /Users/Fong/.rvm/gems/ruby-2.2.1/gems/actionpack-4.2.1/lib/action_dispatch/middleware/templates/rescues/_trace.html.erb (1.1ms)
  Rendered /Users/Fong/.rvm/gems/ruby-2.2.1/gems/actionpack-4.2.1/lib/action_dispatch/middleware/templates/routes/_route.html.erb (0.6ms)
  Rendered /Users/Fong/.rvm/gems/ruby-2.2.1/gems/actionpack-4.2.1/lib/action_dispatch/middleware/templates/routes/_table.html.erb (1.2ms)
  Rendered /Users/Fong/.rvm/gems/ruby-2.2.1/gems/actionpack-4.2.1/lib/action_dispatch/middleware/templates/rescues/_request_and_response.html.erb (0.9ms)
  Rendered /Users/Fong/.rvm/gems/ruby-2.2.1/gems/actionpack-4.2.1/lib/action_dispatch/middleware/templates/rescues/routing_error.html.erb within rescues/layout (61.2ms)
  Rendered /Users/Fong/.rvm/gems/ruby-2.2.1/gems/web-console-2.1.3/lib/web_console/templates/_markup.html.erb (0.3ms)
  Rendered /Users/Fong/.rvm/gems/ruby-2.2.1/gems/web-console-2.1.3/lib/web_console/templates/style.css.erb within layouts/inlined_string (0.3ms)
  Rendered /Users/Fong/.rvm/gems/ruby-2.2.1/gems/web-console-2.1.3/lib/web_console/templates/_inner_console_markup.html.erb within layouts/inlined_string (0.4ms)
  Rendered /Users/Fong/.rvm/gems/ruby-2.2.1/gems/web-console-2.1.3/lib/web_console/templates/_prompt_box_markup.html.erb within layouts/inlined_string (0.4ms)
  Rendered /Users/Fong/.rvm/gems/ruby-2.2.1/gems/web-console-2.1.3/lib/web_console/templates/console.js.erb within layouts/javascript (48.3ms)
  Rendered /Users/Fong/.rvm/gems/ruby-2.2.1/gems/web-console-2.1.3/lib/web_console/templates/main.js.erb within layouts/javascript (0.3ms)
  Rendered /Users/Fong/.rvm/gems/ruby-2.2.1/gems/web-console-2.1.3/lib/web_console/templates/error_page.js.erb within layouts/javascript (0.7ms)
  Rendered /Users/Fong/.rvm/gems/ruby-2.2.1/gems/web-console-2.1.3/lib/web_console/templates/index.html.erb (102.1ms)


Started GET "/welcome/index" for ::1 at 2015-07-07 00:23:28 -0500
Processing by WelcomeController#index as HTML
  Rendered welcome/index.html.erb within layouts/application (1.6ms)
Completed 200 OK in 4232ms (Views: 4222.2ms | ActiveRecord: 0.0ms)


Started GET "/assets/welcome.self-e3b0c44298fc1c149afbf4c8996fb92427ae41e4649b934ca495991b7852b855.css?body=1" for ::1 at 2015-07-07 00:23:32 -0500


Started GET "/assets/application.self-746f79ce5e130d990885df50420d04fa1af6001cad47c7c2fc76910a54ac2177.css?body=1" for ::1 at 2015-07-07 00:23:32 -0500


Started GET "/assets/jquery.self-d03a5518f45df77341bdbe6201ba3bfa547ebba8ed64f0ea56bfa5f96ea7c074.js?body=1" for ::1 at 2015-07-07 00:23:32 -0500


Started GET "/assets/jquery_ujs.self-ca5248a2fad13d6bd58ea121318d642f195f0b2dd818b30615f785ff365e8d1f.js?body=1" for ::1 at 2015-07-07 00:23:32 -0500


Started GET "/assets/turbolinks.self-c37727e9bd6b2735da5c311aa83fead54ed0be6cc8bd9a65309e9c5abe2cbfff.js?body=1" for ::1 at 2015-07-07 00:23:32 -0500


Started GET "/assets/application.self-3b8dabdc891efe46b9a144b400ad69e37d7e5876bdc39dee783419a69d7ca819.js?body=1" for ::1 at 2015-07-07 00:23:32 -0500


Started GET "/assets/welcome.self-877aef30ae1b040ab8a3aba4e3e309a11d7f2612f44dde450b5c157aa5f95c05.js?body=1" for ::1 at 2015-07-07 00:23:32 -0500


Started GET "/welcome/index" for ::1 at 2015-07-07 00:23:35 -0500
Processing by WelcomeController#index as HTML
  Rendered welcome/index.html.erb within layouts/application (0.3ms)
Completed 200 OK in 48ms (Views: 47.0ms | ActiveRecord: 0.0ms)
